Build started 11/26/2016 12:09:12 AM.
     1>Project "C:\Users\varun\Documents\Visual Studio 2015\Projects\FinalProject_VINNAKOTA\FinalProject\FinalProject.vcxproj" on node 2 (Build target(s)).
     1>ClCompile:
         C:\Program Files (x86)\Microsoft Visual Studio 14.0\VC\bin\x86_amd64\CL.exe /c /ZI /nologo /W3 /WX- /sdl /Od /D _CRT_SECURE_NO_WARNINGS /D _MBCS /Gm /EHsc /RTC1 /MDd /GS /fp:precise /Zc:wchar_t /Zc:forScope /Zc:inline /Fo"x64\Debug\\" /Fd"x64\Debug\vc140.pdb" /Gd /TP /errorReport:prompt DoublyLinkedList_VINNAKOTA.cpp StockAccount_VINNAKOTA.cpp main_VINNAKOTA.cpp
         main_VINNAKOTA.cpp
         StockAccount_VINNAKOTA.cpp
     1>c:\users\varun\documents\visual studio 2015\projects\finalproject_vinnakota\finalproject\stockaccount_vinnakota.cpp(62): warning C4244: 'argument': conversion from 'time_t' to 'unsigned int', possible loss of data
     1>c:\users\varun\documents\visual studio 2015\projects\finalproject_vinnakota\finalproject\stockaccount_vinnakota.cpp(111): warning C4244: 'argument': conversion from 'time_t' to 'unsigned int', possible loss of data
     1>c:\users\varun\documents\visual studio 2015\projects\finalproject_vinnakota\finalproject\stockaccount_vinnakota.cpp(185): warning C4244: 'argument': conversion from 'time_t' to 'unsigned int', possible loss of data
         DoublyLinkedList_VINNAKOTA.cpp
     1>c:\users\varun\documents\visual studio 2015\projects\finalproject_vinnakota\finalproject\doublylinkedlist_vinnakota.cpp(98): warning C4244: 'argument': conversion from 'time_t' to 'unsigned int', possible loss of data
     1>c:\users\varun\documents\visual studio 2015\projects\finalproject_vinnakota\finalproject\doublylinkedlist_vinnakota.cpp(126): warning C4244: 'argument': conversion from 'time_t' to 'unsigned int', possible loss of data
     1>c:\users\varun\documents\visual studio 2015\projects\finalproject_vinnakota\finalproject\doublylinkedlist_vinnakota.cpp(328): warning C4244: 'argument': conversion from 'time_t' to 'unsigned int', possible loss of data
         Generating Code...
     1>c:\users\varun\documents\visual studio 2015\projects\finalproject_vinnakota\finalproject\doublylinkedlist_vinnakota.cpp(348): warning C4715: 'DoublyLinkedList::pricepershare': not all control paths return a value
     1>c:\users\varun\documents\visual studio 2015\projects\finalproject_vinnakota\finalproject\stockaccount_vinnakota.cpp(168): warning C4715: 'StockAccount::Buy_shares': not all control paths return a value
     1>c:\users\varun\documents\visual studio 2015\projects\finalproject_vinnakota\finalproject\stockaccount_vinnakota.cpp(248): warning C4715: 'StockAccount::Sell_shares': not all control paths return a value
       Link:
         C:\Program Files (x86)\Microsoft Visual Studio 14.0\VC\bin\x86_amd64\link.exe /ERRORREPORT:PROMPT /OUT:"C:\Users\varun\Documents\Visual Studio 2015\Projects\FinalProject_VINNAKOTA\x64\Debug\FinalProject.exe" /INCREMENTAL /NOLOGO libmx.lib libmex.lib libmat.lib libeng.lib kernel32.lib user32.lib gdi32.lib winspool.lib comdlg32.lib advapi32.lib shell32.lib ole32.lib oleaut32.lib uuid.lib odbc32.lib odbccp32.lib /MANIFEST /MANIFESTUAC:"level='asInvoker' uiAccess='false'" /manifest:embed /Debug /PDB:"C:\Users\varun\Documents\Visual Studio 2015\Projects\FinalProject_VINNAKOTA\x64\Debug\FinalProject.pdb" /TLBID:1 /DYNAMICBASE /NXCOMPAT /IMPLIB:"C:\Users\varun\Documents\Visual Studio 2015\Projects\FinalProject_VINNAKOTA\x64\Debug\FinalProject.lib" /MACHINE:X64 x64\Debug\BankAccount_VINNAKOTA.obj
         x64\Debug\DoublyLinkedList_VINNAKOTA.obj
         x64\Debug\main_VINNAKOTA.obj
         x64\Debug\StockAccount_VINNAKOTA.obj
         FinalProject.vcxproj -> C:\Users\varun\Documents\Visual Studio 2015\Projects\FinalProject_VINNAKOTA\x64\Debug\FinalProject.exe
     1>Done Building Project "C:\Users\varun\Documents\Visual Studio 2015\Projects\FinalProject_VINNAKOTA\FinalProject\FinalProject.vcxproj" (Build target(s)).

Build succeeded.

Time Elapsed 00:00:12.26
